Android/IM-Android-Demo/Demo/app/build/intermediates/manifest_merge_blame_file/debug/manifest-merger-blame-debug-report.txt
1<?xml version="1.0" encoding="utf-8"?>
2<manifest xmlns:android="http://schemas.android.com/apk/res/android"
3    package="io.crim.android.demo"
4    android:versionCode="3"
5    android:versionName="1.0.7" >
6
7    <uses-sdk
8        android:minSdkVersion="21"
8-->src\main\AndroidManifest.xml
9        android:targetSdkVersion="33" />
9-->src\main\AndroidManifest.xml
10    <!-- getui -->
11    <queries>
11-->src\main\AndroidManifest.xml:5:5-9:15
12        <intent>
12-->src\main\AndroidManifest.xml:6:9-8:18
13            <action android:name="com.getui.sdk.action" />
13-->src\main\AndroidManifest.xml:7:13-59
13-->src\main\AndroidManifest.xml:7:21-56
14        </intent>
15        <intent>
15-->[com.getui.opt:ups:3.0.3] AndroidManifest.xml:12:9-14:18
16            <action android:name="com.getui.vendor.action.push" />
16-->[com.getui.opt:ups:3.0.3] AndroidManifest.xml:13:13-67
16-->[com.getui.opt:ups:3.0.3] AndroidManifest.xml:13:21-64
17        </intent>
18        <intent>
18-->[com.getui.opt:ups:3.0.3] AndroidManifest.xml:15:9-17:18
19            <action android:name="com.sonymobile.action.service.DEVICE_SDK_INFO" />
19-->[com.getui.opt:ups:3.0.3] AndroidManifest.xml:16:13-84
19-->[com.getui.opt:ups:3.0.3] AndroidManifest.xml:16:21-81
20        </intent>
21        <intent>
21-->[com.huawei.hms:device:6.6.0.300] AndroidManifest.xml:15:9-17:18
22            <action android:name="com.huawei.hms.core.aidlservice" />
22-->[com.huawei.hms:device:6.6.0.300] AndroidManifest.xml:16:13-70
22-->[com.huawei.hms:device:6.6.0.300] AndroidManifest.xml:16:21-67
23        </intent>
24        <intent>
24-->[com.huawei.hms:device:6.6.0.300] AndroidManifest.xml:18:9-20:18
25            <action android:name="com.huawei.hms.core" />
25-->[com.huawei.hms:device:6.6.0.300] AndroidManifest.xml:19:13-58
25-->[com.huawei.hms:device:6.6.0.300] AndroidManifest.xml:19:21-55
26        </intent>
27    </queries>
28
29    <uses-permission android:name="android.permission.FLASHLIGHT" />
29-->[:OUIConversation] AndroidManifest.xml:9:5-69
29-->[:OUIConversation] AndroidManifest.xml:9:22-66
30
31    <uses-feature android:name="android.hardware.camera" />
31-->[:OUIConversation] AndroidManifest.xml:11:5-60
31-->[:OUIConversation] AndroidManifest.xml:11:19-57
32    <uses-feature android:name="android.hardware.camera.autofocus" />
32-->[:OUIConversation] AndroidManifest.xml:12:5-70
32-->[:OUIConversation] AndroidManifest.xml:12:19-67
33
34    <uses-permission android:name="android.permission.RECORD_AUDIO" />
34-->[:OUIConversation] AndroidManifest.xml:14:5-71
34-->[:OUIConversation] AndroidManifest.xml:14:22-68
35    <uses-permission android:name="android.permission.CAMERA" />
35-->[:OUIConversation] AndroidManifest.xml:15:5-65
35-->[:OUIConversation] AndroidManifest.xml:15:22-62
36    <uses-permission android:name="android.permission.WRITE_SETTINGS" />
36-->[:OUIConversation] AndroidManifest.xml:16:5-73
36-->[:OUIConversation] AndroidManifest.xml:16:22-70
37    <uses-permission android:name="android.permission.REQUEST_INSTALL_PACKAGES" />
37-->[:OUICore] AndroidManifest.xml:9:5-83
37-->[:OUICore] AndroidManifest.xml:9:22-80
38    <uses-permission android:name="android.permission.FOREGROUND_SERVICE" />
38-->[:OUICore] AndroidManifest.xml:10:5-77
38-->[:OUICore] AndroidManifest.xml:10:22-74
39    <uses-permission android:name="android.permission.ACCESS_NETWORK_STATE" />
39-->[:OUICore] AndroidManifest.xml:11:5-79
39-->[:OUICore] AndroidManifest.xml:11:22-76
40    <uses-permission android:name="android.permission.ACCESS_WIFI_STATE" />
40-->[:OUICore] AndroidManifest.xml:12:5-76
40-->[:OUICore] AndroidManifest.xml:12:22-73
41    <uses-permission android:name="android.permission.DISABLE_KEYGUARD" />
41-->[:OUICore] AndroidManifest.xml:13:5-75
41-->[:OUICore] AndroidManifest.xml:13:22-72
42    <uses-permission android:name="android.permission.INTERNET" />
42-->[:OUICore] AndroidManifest.xml:14:5-67
42-->[:OUICore] AndroidManifest.xml:14:22-64
43    <uses-permission android:name="android.permission.READ_EXTERNAL_STORAGE" />
43-->[:OUICore] AndroidManifest.xml:15:5-80
43-->[:OUICore] AndroidManifest.xml:15:22-77
44    <uses-permission android:name="android.permission.WRITE_EXTERNAL_STORAGE" />
44-->[:OUICore] AndroidManifest.xml:16:5-81
44-->[:OUICore] AndroidManifest.xml:16:22-78
45
46    <permission-group android:name="io.crim.android.demo.andpermission" /> <!-- 播音 -->
46-->[:OUICore] AndroidManifest.xml:18:5-71
46-->[:OUICore] AndroidManifest.xml:18:23-68
47    <uses-permission android:name="android.permission.WAKE_LOCK" /> <!-- Always include this permission -->
47-->[:OUICore] AndroidManifest.xml:20:5-68
47-->[:OUICore] AndroidManifest.xml:20:22-65
48    <uses-permission android:name="android.permission.ACCESS_COARSE_LOCATION" /> <!-- Include only if your app benefits from precise location access. -->
48-->[:OUICore] AndroidManifest.xml:21:5-81
48-->[:OUICore] AndroidManifest.xml:21:22-78
49    <uses-permission android:name="android.permission.ACCESS_FINE_LOCATION" />
49-->[:OUICore] AndroidManifest.xml:22:5-79
49-->[:OUICore] AndroidManifest.xml:22:22-76
50    <uses-permission android:name="android.permission.SYSTEM_ALERT_WINDOW" />
50-->[:OUICore] AndroidManifest.xml:23:5-78
50-->[:OUICore] AndroidManifest.xml:23:22-75
51    <uses-permission android:name="android.permission.MODIFY_AUDIO_SETTINGS" />
51-->[:OUICore] AndroidManifest.xml:24:5-80
51-->[:OUICore] AndroidManifest.xml:24:22-77
52    <uses-permission android:name="android.permission.VIBRATE" />
52-->[:OUICore] AndroidManifest.xml:25:5-66
52-->[:OUICore] AndroidManifest.xml:25:22-63
53    <uses-permission android:name="android.permission.CHANGE_NETWORK_STATE" />
53-->[CRIM-SDK-release.aar] AndroidManifest.xml:10:5-79
53-->[CRIM-SDK-release.aar] AndroidManifest.xml:10:22-76
54
55    <permission
55-->[com.yanzhenjie:permission:2.0.3] AndroidManifest.xml:24:5-27:47
56        android:name="io.crim.android.demo.andpermission.bridge"
56-->[com.yanzhenjie:permission:2.0.3] AndroidManifest.xml:25:9-61
57        android:permissionGroup="io.crim.android.demo.andpermission"
57-->[com.yanzhenjie:permission:2.0.3] AndroidManifest.xml:26:9-65
58        android:protectionLevel="signature" />
58-->[com.yanzhenjie:permission:2.0.3] AndroidManifest.xml:27:9-44
59
60    <uses-permission android:name="io.crim.android.demo.andpermission.bridge" />
60-->[com.yanzhenjie:permission:2.0.3] AndroidManifest.xml:29:5-77
60-->[com.yanzhenjie:permission:2.0.3] AndroidManifest.xml:29:22-74
61    <uses-permission android:name="android.permission.READ_PHONE_STATE" />
61-->[com.getui:gtsdk:3.2.13.0] AndroidManifest.xml:14:5-75
61-->[com.getui:gtsdk:3.2.13.0] AndroidManifest.xml:14:22-72
62    <uses-permission android:name="android.permission.GET_TASKS" /> <!-- oppo android12  需要 alarm权限 -->
62-->[com.getui:gtsdk:3.2.13.0] AndroidManifest.xml:18:5-68
62-->[com.getui:gtsdk:3.2.13.0] AndroidManifest.xml:18:22-65
63    <uses-permission android:name="android.permission.SCHEDULE_EXACT_ALARM" />
63-->[com.getui:gtsdk:3.2.13.0] AndroidManifest.xml:20:5-79
63-->[com.getui:gtsdk:3.2.13.0] AndroidManifest.xml:20:22-76
64    <uses-permission android:name="getui.permission.GetuiService.io.crim.android.demo" /> <!-- vivo角标 -->
64-->[com.getui:gtsdk:3.2.13.0] AndroidManifest.xml:21:5-86
64-->[com.getui:gtsdk:3.2.13.0] AndroidManifest.xml:21:22-83
65    <uses-permission android:name="com.vivo.notification.permission.BADGE_ICON" />
65-->[com.getui:gtsdk:3.2.13.0] AndroidManifest.xml:23:5-83
65-->[com.getui:gtsdk:3.2.13.0] AndroidManifest.xml:23:22-80
66
67    <permission
67-->[com.getui:gtsdk:3.2.13.0] AndroidManifest.xml:25:5-27:47
68        android:name="getui.permission.GetuiService.io.crim.android.demo"
68-->[com.getui:gtsdk:3.2.13.0] AndroidManifest.xml:26:9-70
69        android:protectionLevel="signature" />
69-->[com.getui:gtsdk:3.2.13.0] AndroidManifest.xml:27:9-44
70
71    <uses-permission android:name="android.permission.QUERY_ALL_PACKAGES" />
71-->[com.getui:gtsdk:3.2.13.0] AndroidManifest.xml:29:5-77
71-->[com.getui:gtsdk:3.2.13.0] AndroidManifest.xml:29:22-74
72    <uses-permission android:name="android.permission.ACCESS_BACKGROUND_LOCATION" />
72-->[com.getui:gtsdk:3.2.13.0] AndroidManifest.xml:32:5-85
72-->[com.getui:gtsdk:3.2.13.0] AndroidManifest.xml:32:22-82
73    <uses-permission android:name="android.permission.POST_NOTIFICATIONS" />
73-->[com.getui.opt:xmp:3.3.0] AndroidManifest.xml:14:5-77
73-->[com.getui.opt:xmp:3.3.0] AndroidManifest.xml:14:22-74
74
75    <permission
75-->[com.getui.opt:xmp:3.3.0] AndroidManifest.xml:16:5-18:47
76        android:name="io.crim.android.demo.permission.MIPUSH_RECEIVE"
76-->[com.getui.opt:xmp:3.3.0] AndroidManifest.xml:17:9-66
77        android:protectionLevel="signature" />
77-->[com.getui.opt:xmp:3.3.0] AndroidManifest.xml:18:9-44
78
79    <uses-permission android:name="io.crim.android.demo.permission.MIPUSH_RECEIVE" />
79-->[com.getui.opt:xmp:3.3.0] AndroidManifest.xml:20:5-82
79-->[com.getui.opt:xmp:3.3.0] AndroidManifest.xml:20:22-79
80    <uses-permission android:name="com.coloros.mcs.permission.RECIEVE_MCS_MESSAGE" />
80-->[com.assist-v3:oppo:3.2.0] AndroidManifest.xml:11:5-86
80-->[com.assist-v3:oppo:3.2.0] AndroidManifest.xml:11:22-83
81    <uses-permission android:name="com.heytap.mcs.permission.RECIEVE_MCS_MESSAGE" /> <!-- 魅族 -->
81-->[com.assist-v3:oppo:3.2.0] AndroidManifest.xml:12:5-85
81-->[com.assist-v3:oppo:3.2.0] AndroidManifest.xml:12:22-82
82    <uses-permission android:name="com.meizu.flyme.push.permission.RECEIVE" />
82-->[com.getui.opt:mzp:3.2.2] AndroidManifest.xml:12:5-79
82-->[com.getui.opt:mzp:3.2.2] AndroidManifest.xml:12:22-76
83    <uses-permission android:name="com.meizu.c2dm.permission.RECEIVE" />
83-->[com.getui.opt:mzp:3.2.2] AndroidManifest.xml:13:5-73
83-->[com.getui.opt:mzp:3.2.2] AndroidManifest.xml:13:22-70
84    <uses-permission android:name="io.crim.android.demo.push.permission.MESSAGE" />
84-->[com.getui.opt:mzp:3.2.2] AndroidManifest.xml:14:5-80
84-->[com.getui.opt:mzp:3.2.2] AndroidManifest.xml:14:22-77
85    <uses-permission android:name="io.crim.android.demo.permission.C2D_MESSAGE" />
85-->[com.getui.opt:mzp:3.2.2] AndroidManifest.xml:15:5-79
85-->[com.getui.opt:mzp:3.2.2] AndroidManifest.xml:15:22-76
86
87    <permission
87-->[com.getui.opt:mzp:3.2.2] AndroidManifest.xml:17:5-19:47
88        android:name="io.crim.android.demo.push.permission.MESSAGE"
88-->[com.getui.opt:mzp:3.2.2] AndroidManifest.xml:18:9-64
89        android:protectionLevel="signature" />
89-->[com.getui.opt:mzp:3.2.2] AndroidManifest.xml:19:9-44
90    <permission
90-->[com.getui.opt:mzp:3.2.2] AndroidManifest.xml:20:5-22:47
91        android:name="io.crim.android.demo.permission.C2D_MESSAGE"
91-->[com.getui.opt:mzp:3.2.2] AndroidManifest.xml:21:9-63
92        android:protectionLevel="signature" />
92-->[com.getui.opt:mzp:3.2.2] AndroidManifest.xml:22:9-44
93    <permission
93-->[com.getui.opt:honor:3.2.0] AndroidManifest.xml:11:5-13:55
94        android:name="io.crim.android.demo.hihonor.permission.PROCESS_PUSH_MSG"
94-->[com.getui.opt:honor:3.2.0] AndroidManifest.xml:12:9-76
95        android:protectionLevel="signatureOrSystem" />
95-->[com.getui.opt:honor:3.2.0] AndroidManifest.xml:13:9-52
96
97    <uses-permission android:name="com.hihonor.push.permission.READ_PUSH_NOTIFICATION_INFO" />
97-->[com.getui.opt:honor:3.2.0] AndroidManifest.xml:15:5-95
97-->[com.getui.opt:honor:3.2.0] AndroidManifest.xml:15:22-92
98
99    <permission
99-->[com.huawei.hms:push:6.7.0.300] AndroidManifest.xml:9:5-11:47
100        android:name="io.crim.android.demo.permission.PROCESS_PUSH_MSG"
100-->[com.huawei.hms:push:6.7.0.300] AndroidManifest.xml:10:9-68
101        android:protectionLevel="signature" /> <!-- PUSH_PROVIDER and PUSH_WRITE_PROVIDER are both provider registered permissions for the notification switch. -->
101-->[com.huawei.hms:push:6.7.0.300] AndroidManifest.xml:11:9-44
102    <!-- The SDK's notification bar switch, EMUI 9.x becomes write to the local sp, sharing the file through the provider to the push-rom, which reads the sp file to get the status of the notification bar switch. -->
103    <permission
103-->[com.huawei.hms:push:6.7.0.300] AndroidManifest.xml:14:5-16:47
104        android:name="io.crim.android.demo.permission.PUSH_PROVIDER"
104-->[com.huawei.hms:push:6.7.0.300] AndroidManifest.xml:15:9-65
105        android:protectionLevel="signature" />
105-->[com.huawei.hms:push:6.7.0.300] AndroidManifest.xml:16:9-44
106    <permission
106-->[com.huawei.hms:push:6.7.0.300] AndroidManifest.xml:17:5-19:47
107        android:name="io.crim.android.demo.permission.PUSH_WRITE_PROVIDER"
107-->[com.huawei.hms:push:6.7.0.300] AndroidManifest.xml:18:9-71
108        android:protectionLevel="signature" />
108-->[com.huawei.hms:push:6.7.0.300] AndroidManifest.xml:19:9-44
109
110    <uses-permission android:name="io.crim.android.demo.permission.PROCESS_PUSH_MSG" />
110-->[com.huawei.hms:push:6.7.0.300] AndroidManifest.xml:21:5-84
110-->[com.huawei.hms:push:6.7.0.300] AndroidManifest.xml:21:22-81
111    <uses-permission android:name="io.crim.android.demo.permission.PUSH_PROVIDER" />
111-->[com.huawei.hms:push:6.7.0.300] AndroidManifest.xml:22:5-81
111-->[com.huawei.hms:push:6.7.0.300] AndroidManifest.xml:22:22-78
112
113    <permission
113-->[androidx.core:core:1.9.0] AndroidManifest.xml:22:5-24:47
114        android:name="io.crim.android.demo.DYNAMIC_RECEIVER_NOT_EXPORTED_PERMISSION"
114-->[androidx.core:core:1.9.0] AndroidManifest.xml:23:9-81
115        android:protectionLevel="signature" />
115-->[androidx.core:core:1.9.0] AndroidManifest.xml:24:9-44
116
117    <uses-permission android:name="io.crim.android.demo.DYNAMIC_RECEIVER_NOT_EXPORTED_PERMISSION" />
117-->[androidx.core:core:1.9.0] AndroidManifest.xml:26:5-97
117-->[androidx.core:core:1.9.0] AndroidManifest.xml:26:22-94
118    <uses-permission android:name="com.meizu.flyme.permission.PUSH" />
118-->[com.meizu.flyme.internet:push-internal:4.1.4] AndroidManifest.xml:15:5-71
118-->[com.meizu.flyme.internet:push-internal:4.1.4] AndroidManifest.xml:15:22-68
119
120    <application
120-->src\main\AndroidManifest.xml:11:5-129:19
121        android:name="io.crim.android.demo.DemoApplication"
121-->src\main\AndroidManifest.xml:12:9-40
122        android:allowBackup="true"
122-->src\main\AndroidManifest.xml:13:9-35
123        android:appComponentFactory="androidx.core.app.CoreComponentFactory"
123-->[androidx.core:core:1.9.0] AndroidManifest.xml:28:18-86
124        android:debuggable="true"
125        android:icon="@mipmap/logo"
125-->src\main\AndroidManifest.xml:14:9-36
126        android:label="@string/app_name"
126-->src\main\AndroidManifest.xml:15:9-41
127        android:networkSecurityConfig="@xml/network_security_config"
127-->src\main\AndroidManifest.xml:16:9-69
128        android:requestLegacyExternalStorage="true"
128-->src\main\AndroidManifest.xml:17:9-52
129        android:supportsRtl="true"
129-->src\main\AndroidManifest.xml:18:9-35
130        android:theme="@style/Theme.Main"
130-->src\main\AndroidManifest.xml:19:9-42
131        android:usesCleartextTraffic="true" >
131-->src\main\AndroidManifest.xml:20:9-44
132        <activity
132-->src\main\AndroidManifest.xml:21:9-23:40
133            android:name="io.crim.android.demo.ui.user.UserDetailActivityV3"
133-->src\main\AndroidManifest.xml:22:13-57
134            android:exported="false" />
134-->src\main\AndroidManifest.xml:23:13-37
135        <activity
135-->src\main\AndroidManifest.xml:24:9-30:20
136            android:name="io.crim.android.demo.ui.login.ResetPasswordActivity"
136-->src\main\AndroidManifest.xml:25:13-59
137            android:exported="false" >
137-->src\main\AndroidManifest.xml:26:13-37
138            <meta-data
138-->src\main\AndroidManifest.xml:27:13-29:36
139                android:name="android.app.lib_name"
139-->src\main\AndroidManifest.xml:28:17-52
140                android:value="" />
140-->src\main\AndroidManifest.xml:29:17-33
141        </activity>
142        <activity
142-->src\main\AndroidManifest.xml:31:9-37:20
143            android:name="io.crim.android.demo.ui.user.BlackListActivity"
143-->src\main\AndroidManifest.xml:32:13-54
144            android:exported="false" >
144-->src\main\AndroidManifest.xml:33:13-37
145            <meta-data
145-->src\main\AndroidManifest.xml:27:13-29:36
146                android:name="android.app.lib_name"
146-->src\main\AndroidManifest.xml:28:17-52
147                android:value="" />
147-->src\main\AndroidManifest.xml:29:17-33
148        </activity>
149        <activity
149-->src\main\AndroidManifest.xml:38:9-40:48
150            android:name="io.crim.android.demo.ui.user.AccountSettingActivity"
150-->src\main\AndroidManifest.xml:39:13-59
151            android:exported="true" />
151-->src\main\AndroidManifest.xml:40:13-36
152
153        <service
153-->src\main\AndroidManifest.xml:42:9-46:46
154            android:name="io.crim.android.demo.services.GetuiPushService"
154-->src\main\AndroidManifest.xml:43:13-54
155            android:exported="false"
155-->src\main\AndroidManifest.xml:44:13-37
156            android:label="PushService"
156-->src\main\AndroidManifest.xml:45:13-40
157            android:process=":pushservice" />
157-->src\main\AndroidManifest.xml:46:13-43
158
159        <activity
159-->src\main\AndroidManifest.xml:48:9-50:40
160            android:name="io.crim.android.demo.ui.ServerConfigActivity"
160-->src\main\AndroidManifest.xml:49:13-52
161            android:exported="false" />
161-->src\main\AndroidManifest.xml:50:13-37
162        <activity
162-->src\main\AndroidManifest.xml:51:9-53:40
163            android:name="io.crim.android.demo.ui.user.AboutUsActivity"
163-->src\main\AndroidManifest.xml:52:13-52
164            android:exported="false" />
164-->src\main\AndroidManifest.xml:53:13-37
165        <activity
165-->src\main\AndroidManifest.xml:54:9-56:40
166            android:name="io.crim.android.demo.ui.main.CallHistoryActivity"
166-->src\main\AndroidManifest.xml:55:13-56
167            android:exported="false" />
167-->src\main\AndroidManifest.xml:56:13-37
168        <activity
168-->src\main\AndroidManifest.xml:57:9-59:40
169            android:name="io.crim.android.demo.ui.user.MoreDataActivity"
169-->src\main\AndroidManifest.xml:58:13-53
170            android:exported="false" />
170-->src\main\AndroidManifest.xml:59:13-37
171        <activity
171-->src\main\AndroidManifest.xml:60:9-62:40
172            android:name="io.crim.android.demo.ui.user.PersonDataActivity"
172-->src\main\AndroidManifest.xml:61:13-55
173            android:exported="false" />
173-->src\main\AndroidManifest.xml:62:13-37
174        <activity
174-->src\main\AndroidManifest.xml:63:9-65:40
175            android:name="io.crim.android.demo.ui.main.EditTextActivity"
175-->src\main\AndroidManifest.xml:64:13-53
176            android:exported="false" />
176-->src\main\AndroidManifest.xml:65:13-37
177        <activity
177-->src\main\AndroidManifest.xml:66:9-68:40
178            android:name="io.crim.android.demo.ui.user.PersonalInfoActivity"
178-->src\main\AndroidManifest.xml:67:13-57
179            android:exported="false" />
179-->src\main\AndroidManifest.xml:68:13-37
180        <activity
180-->src\main\AndroidManifest.xml:69:9-71:40
181            android:name="io.crim.android.demo.ui.login.SupplementInfoActivity"
181-->src\main\AndroidManifest.xml:70:13-60
182            android:exported="false" />
182-->src\main\AndroidManifest.xml:71:13-37
183        <activity
183-->src\main\AndroidManifest.xml:72:9-74:40
184            android:name="io.crim.android.demo.ui.login.VerificationCodeActivity"
184-->src\main\AndroidManifest.xml:73:13-62
185            android:exported="false" />
185-->src\main\AndroidManifest.xml:74:13-37
186        <activity
186-->src\main\AndroidManifest.xml:75:9-77:40
187            android:name="io.crim.android.demo.ui.search.SendVerifyActivity"
187-->src\main\AndroidManifest.xml:76:13-57
188            android:exported="false" />
188-->src\main\AndroidManifest.xml:77:13-37
189        <activity
189-->src\main\AndroidManifest.xml:78:9-80:40
190            android:name="io.crim.android.demo.ui.search.PersonDetailActivity"
190-->src\main\AndroidManifest.xml:79:13-59
191            android:exported="false" />
191-->src\main\AndroidManifest.xml:80:13-37
192        <activity
192-->src\main\AndroidManifest.xml:81:9-83:40
193            android:name="io.crim.android.demo.ui.search.SearchContactActivity"
193-->src\main\AndroidManifest.xml:82:13-60
194            android:exported="false" />
194-->src\main\AndroidManifest.xml:83:13-37
195        <activity
195-->src\main\AndroidManifest.xml:84:9-86:40
196            android:name="io.crim.android.demo.ui.search.AddConversActivity"
196-->src\main\AndroidManifest.xml:85:13-57
197            android:exported="false" />
197-->src\main\AndroidManifest.xml:86:13-37
198        <activity
198-->src\main\AndroidManifest.xml:87:9-89:40
199            android:name="io.crim.android.demo.ui.login.RegisterActivity"
199-->src\main\AndroidManifest.xml:88:13-54
200            android:exported="false" />
200-->src\main\AndroidManifest.xml:89:13-37
201        <activity
201-->src\main\AndroidManifest.xml:91:9-100:20
202            android:name="io.crim.android.demo.SplashActivity"
202-->src\main\AndroidManifest.xml:92:13-43
203            android:exported="true" >
203-->src\main\AndroidManifest.xml:93:13-36
204
205            <!-- android:theme="@style/SplashTheme" -->
206            <intent-filter>
206-->src\main\AndroidManifest.xml:95:13-99:29
207                <action android:name="android.intent.action.MAIN" />
207-->src\main\AndroidManifest.xml:96:17-69
207-->src\main\AndroidManifest.xml:96:25-66
208
209                <category android:name="android.intent.category.LAUNCHER" />
209-->src\main\AndroidManifest.xml:98:17-77
209-->src\main\AndroidManifest.xml:98:27-74
210            </intent-filter>
211        </activity>
212        <activity
212-->src\main\AndroidManifest.xml:101:9-105:58
213            android:name="io.crim.android.demo.ui.main.MainActivity"
213-->src\main\AndroidManifest.xml:102:13-49
214            android:exported="false"
214-->src\main\AndroidManifest.xml:103:13-37
215            android:launchMode="singleTask"
215-->src\main\AndroidManifest.xml:104:13-44
216            android:windowSoftInputMode="adjustResize" />
216-->src\main\AndroidManifest.xml:105:13-55
217        <activity
217-->src\main\AndroidManifest.xml:106:9-108:40
218            android:name="io.crim.android.demo.ui.user.IDActivity"
218-->src\main\AndroidManifest.xml:107:13-47
219            android:exported="false" />
219-->src\main\AndroidManifest.xml:108:13-37
220        <activity
220-->src\main\AndroidManifest.xml:109:9-111:46
221            android:name="io.crim.android.demo.ui.login.LoginActivity"
221-->src\main\AndroidManifest.xml:109:19-57
222            android:exported="false"
222-->src\main\AndroidManifest.xml:110:13-37
223            android:launchMode="singleTask" />
223-->src\main\AndroidManifest.xml:111:13-44
224        <activity
224-->src\main\AndroidManifest.xml:112:9-113:39
225            android:name="io.crim.android.demo.ui.LoginSettingActivity"
225-->src\main\AndroidManifest.xml:112:19-58
226            android:exported="false" />
226-->src\main\AndroidManifest.xml:113:13-37
227
228        <receiver
228-->src\main\AndroidManifest.xml:115:9-117:39
229            android:name="com.huawei.hms.support.api.push.PushMsgReceiver"
229-->src\main\AndroidManifest.xml:116:13-75
230            android:directBootAware="true"
230-->[com.huawei.hms:push:6.7.0.300] AndroidManifest.xml:27:13-43
231            android:exported="true"
231-->src\main\AndroidManifest.xml:117:13-36
232            android:permission="io.crim.android.demo.permission.PROCESS_PUSH_MSG" >
232-->[com.huawei.hms:push:6.7.0.300] AndroidManifest.xml:29:13-78
233            <intent-filter>
233-->[com.huawei.hms:push:6.7.0.300] AndroidManifest.xml:30:13-36:29
234
235                <!-- Mandatory, be used to receive notification bar message click event. -->
236                <action android:name="com.huawei.intent.action.PUSH_DELAY_NOTIFY" />
236-->[com.huawei.hms:push:6.7.0.300] AndroidManifest.xml:33:17-85
236-->[com.huawei.hms:push:6.7.0.300] AndroidManifest.xml:33:25-82
237                <!-- Optional, compatible with old huawei phones. -->
238                <action android:name="com.huawei.intent.action.PUSH" />
238-->[com.huawei.hms:push:6.7.0.300] AndroidManifest.xml:35:17-72
238-->[com.huawei.hms:push:6.7.0.300] AndroidManifest.xml:35:25-69
239            </intent-filter>
240        </receiver>
241
242        <provider
243            android:name="androidx.core.content.FileProvider"
243-->src\main\AndroidManifest.xml:119:13-62
244            android:authorities="io.crim.android.demo.fileProvider"
244-->src\main\AndroidManifest.xml:120:13-64
245            android:exported="false"
245-->src\main\AndroidManifest.xml:121:13-37
246            android:grantUriPermissions="true" >
246-->src\main\AndroidManifest.xml:122:13-47
247            <meta-data
247-->src\main\AndroidManifest.xml:123:13-125:54
248                android:name="android.support.FILE_PROVIDER_PATHS"
248-->src\main\AndroidManifest.xml:124:17-67
249                android:resource="@xml/file_paths" />
249-->src\main\AndroidManifest.xml:125:17-51
250        </provider>
251
252        <activity
252-->[:OUIConversation] AndroidManifest.xml:19:9-21:40
253            android:name="io.crim.android.ouiconversation.ui.NotificationActivity"
253-->[:OUIConversation] AndroidManifest.xml:20:13-83
254            android:exported="false" />
254-->[:OUIConversation] AndroidManifest.xml:21:13-37
255        <activity
255-->[:OUIConversation] AndroidManifest.xml:22:9-24:40
256            android:name="io.crim.android.ouiconversation.ui.ChatHistoryDetailsActivity"
256-->[:OUIConversation] AndroidManifest.xml:23:13-89
257            android:exported="false" />
257-->[:OUIConversation] AndroidManifest.xml:24:13-37
258        <activity
258-->[:OUIConversation] AndroidManifest.xml:25:9-27:40
259            android:name="io.crim.android.ouiconversation.ui.MsgReadStatusActivity"
259-->[:OUIConversation] AndroidManifest.xml:26:13-84
260            android:exported="false" />
260-->[:OUIConversation] AndroidManifest.xml:27:13-37
261        <activity
261-->[:OUIConversation] AndroidManifest.xml:28:9-30:40
262            android:name="io.crim.android.ouiconversation.ui.SearchActivity"
262-->[:OUIConversation] AndroidManifest.xml:29:13-77
263            android:exported="false" />
263-->[:OUIConversation] AndroidManifest.xml:30:13-37
264        <activity
264-->[:OUIConversation] AndroidManifest.xml:31:9-33:40
265            android:name="io.crim.android.ouiconversation.ui.FileHistoryActivity"
265-->[:OUIConversation] AndroidManifest.xml:32:13-82
266            android:exported="false" />
266-->[:OUIConversation] AndroidManifest.xml:33:13-37
267        <activity
267-->[:OUIConversation] AndroidManifest.xml:34:9-36:40
268            android:name="io.crim.android.ouiconversation.ui.MediaHistoryActivity"
268-->[:OUIConversation] AndroidManifest.xml:35:13-83
269            android:exported="false" />
269-->[:OUIConversation] AndroidManifest.xml:36:13-37
270        <activity
270-->[:OUIConversation] AndroidManifest.xml:37:9-39:40
271            android:name="io.crim.android.ouiconversation.ui.SetChatBgActivity"
271-->[:OUIConversation] AndroidManifest.xml:38:13-80
272            android:exported="false" />
272-->[:OUIConversation] AndroidManifest.xml:39:13-37
273        <activity
273-->[:OUIConversation] AndroidManifest.xml:40:9-42:40
274            android:name="io.crim.android.ouiconversation.ui.ChatSettingActivity"
274-->[:OUIConversation] AndroidManifest.xml:41:13-82
275            android:exported="false" />
275-->[:OUIConversation] AndroidManifest.xml:42:13-37
276        <activity
276-->[:OUIConversation] AndroidManifest.xml:43:9-45:40
277            android:name="io.crim.android.ouiconversation.ui.ChatHistorySearchActivity"
277-->[:OUIConversation] AndroidManifest.xml:44:13-88
278            android:exported="false" />
278-->[:OUIConversation] AndroidManifest.xml:45:13-37
279        <activity
279-->[:OUIConversation] AndroidManifest.xml:46:9-48:40
280            android:name="io.crim.android.ouiconversation.ui.PreviewActivity"
280-->[:OUIConversation] AndroidManifest.xml:47:13-78
281            android:exported="false" />
281-->[:OUIConversation] AndroidManifest.xml:48:13-37
282        <activity
282-->[:OUIConversation] AndroidManifest.xml:49:9-51:40
283            android:name="io.crim.android.ouiconversation.ui.ShootActivity"
283-->[:OUIConversation] AndroidManifest.xml:50:13-76
284            android:exported="false" />
284-->[:OUIConversation] AndroidManifest.xml:51:13-37
285        <activity
285-->[:OUIConversation] AndroidManifest.xml:52:9-54:40
286            android:name="io.crim.android.ouiconversation.ui.ChatActivity"
286-->[:OUIConversation] AndroidManifest.xml:53:13-75
287            android:exported="false" />
287-->[:OUIConversation] AndroidManifest.xml:54:13-37
288        <activity
288-->[:OUIConversation] AndroidManifest.xml:55:9-57:40
289            android:name="io.crim.android.ouiconversation.ui.emoji.CustomEmojiManageActivity"
289-->[:OUIConversation] AndroidManifest.xml:56:13-94
290            android:exported="false" />
290-->[:OUIConversation] AndroidManifest.xml:57:13-37
291        <activity
291-->[:OUIGroup] AndroidManifest.xml:10:9-12:40
292            android:name="io.crim.android.ouigroup.ui.v3.GroupManageActivity"
292-->[:OUIGroup] AndroidManifest.xml:11:13-78
293            android:exported="false" />
293-->[:OUIGroup] AndroidManifest.xml:12:13-37
294        <activity
294-->[:OUIGroup] AndroidManifest.xml:13:9-15:40
295            android:name="io.crim.android.ouigroup.ui.AllGroupActivity"
295-->[:OUIGroup] AndroidManifest.xml:14:13-72